<?xml version="1.0" encoding="UTF-8"?>
<testsuite name="org.example.CandidatoDAOTest" tests="4" skipped="0" failures="0" errors="0" timestamp="2022-11-08T00:40:05" hostname="gustavo" time="1.992">
  <properties/>
  <testcase name="atualizar_Dados_Do_Candidato()" classname="org.example.CandidatoDAOTest" time="1.188"/>
  <testcase name="listar_Candidato()" classname="org.example.CandidatoDAOTest" time="0.295"/>
  <testcase name="deletar_Candidato()" classname="org.example.CandidatoDAOTest" time="0.242"/>
  <testcase name="inserir_Candidato()" classname="org.example.CandidatoDAOTest" time="0.257"/>
  <system-out><![CDATA[O candidato 9 foi atualizado com sucesso
Listando Candidatos 
Código do candidato : 9
Nome do candidato : k
Sobrenome do candidato : f
Data de nascimento do candidato : j
E-mail do candidato : j
CPF do candidato : 3
País do candidato : j
CEP do candidato : 3
Descrição pessoal do candidato : j
Senha do candidato : 3
------------------------
Código do candidato : 9
Nome do candidato : k
Sobrenome do candidato : f
Data de nascimento do candidato : j
E-mail do candidato : j
CPF do candidato : 3
País do candidato : j
CEP do candidato : 3
Descrição pessoal do candidato : j
Senha do candidato : 3
------------------------
Código do candidato : 9
Nome do candidato : k
Sobrenome do candidato : f
Data de nascimento do candidato : j
E-mail do candidato : j
CPF do candidato : 3
País do candidato : j
CEP do candidato : 3
Descrição pessoal do candidato : j
Senha do candidato : 3
------------------------
Código do candidato : 9
Nome do candidato : k
Sobrenome do candidato : f
Data de nascimento do candidato : j
E-mail do candidato : j
CPF do candidato : 3
País do candidato : j
CEP do candidato : 3
Descrição pessoal do candidato : j
Senha do candidato : 3
------------------------
Código do candidato : 0
Nome do candidato : null
Sobrenome do candidato : null
Data de nascimento do candidato : 0
E-mail do candidato : null
CPF do candidato : 0
País do candidato : null
CEP do candidato : 0
Descrição pessoal do candidato : null
Senha do candidato : 0
------------------------
Código do candidato : 0
Nome do candidato : 
Sobrenome do candidato : 
Data de nascimento do candidato : 0
E-mail do candidato : 
CPF do candidato : 0
País do candidato : 
CEP do candidato : 0
Descrição pessoal do candidato : 
Senha do candidato : 0
------------------------
Código do candidato : 0
Nome do candidato : 
Sobrenome do candidato : 
Data de nascimento do candidato : 0
E-mail do candidato : 
CPF do candidato : 0
País do candidato : 
CEP do candidato : 0
Descrição pessoal do candidato : 
Senha do candidato : 0
------------------------
Código do candidato : 0
Nome do candidato : 
Sobrenome do candidato : 
Data de nascimento do candidato : 0
E-mail do candidato : 
CPF do candidato : 0
País do candidato : 
CEP do candidato : 0
Descrição pessoal do candidato : 
Senha do candidato : 0
------------------------
Código do candidato : 0
Nome do candidato : null
Sobrenome do candidato : null
Data de nascimento do candidato : null
E-mail do candidato : null
CPF do candidato : 0
País do candidato : null
CEP do candidato : 0
Descrição pessoal do candidato : null
Senha do candidato : 0
------------------------
Código do candidato : 4
Nome do candidato : e
Sobrenome do candidato : d
Data de nascimento do candidato : 3
E-mail do candidato : s
CPF do candidato : 3
País do candidato : s
CEP do candidato : 3
Descrição pessoal do candidato : s
Senha do candidato : 3
------------------------
Não existe o candidato informado
O candidato k f foi inserido com sucesso.
]]></system-out>
  <system-err><![CDATA[]]></system-err>
</testsuite>
